2026-04-16 15:31:19,037 [INFO] Staging table 'fii_dii_staging' ready
2026-04-16 15:31:19,037 [INFO] Fetching FII monthly data from StockEdge...
2026-04-16 15:35:04,829 [INFO] Staging table 'fii_dii_staging' ready
2026-04-16 15:35:04,837 [INFO] Establishing browser session with StockEdge...
2026-04-16 15:35:18,550 [INFO]   Homepage: 200, cookies: []
2026-04-16 15:35:19,552 [INFO] Fetching FII monthly data...
2026-04-16 15:35:36,916 [INFO]   FII: 220 months received
2026-04-16 15:35:36,969 [INFO]   FII range: 2008-01 to 2026-12
2026-04-16 15:35:37,985 [INFO] Fetching DII monthly data...
2026-04-16 15:35:41,748 [INFO]   DII: 220 months received
2026-04-16 15:35:41,753 [INFO]   DII range: 2008-01 to 2026-12
2026-04-16 15:37:21,836 [INFO] Total trading days written to staging : 3975
2026-04-16 15:37:21,836 [WARNING] Months skipped (no OHLCV rows)        : 24 -- expected for pre-2010 months
2026-04-16 15:37:21,838 [INFO] -- Staging Verification ------------------------------------------
2026-04-16 15:37:21,838 [INFO]   Total rows           : 3975
2026-04-16 15:37:21,838 [INFO]   FII_Monthly_Net_Cr   : 3975 rows filled
2026-04-16 15:37:21,838 [INFO]   DII_Monthly_Net_Cr   : 3975 rows filled
2026-04-16 15:37:21,838 [INFO]   Date range           : 2010-01-04 to 2026-04-15
2026-04-16 15:37:21,855 [INFO]   Spot Mar 2020        : FII=-65816.70, DII=55595.18
2026-04-16 15:37:21,855 [INFO]   FII COVID check      : PASS -- heavily negative as expected
2026-04-16 15:37:21,857 [INFO]   DII populated        : PASS
2026-04-16 15:37:21,860 [INFO]   Jan 2010 rows        : 19 PASS
2026-04-16 15:37:21,862 [INFO] ------------------------------------------------------------------
2026-04-16 15:37:21,862 [INFO] If all checks PASS, run this SQL in MySQL Workbench to migrate:
2026-04-16 15:37:21,862 [INFO] 
2026-04-16 15:37:21,863 [INFO]   ALTER TABLE macro_indicators
2026-04-16 15:37:21,864 [INFO]       ADD COLUMN IF NOT EXISTS FII_Monthly_Net_Cr  DECIMAL(20,2) DEFAULT NULL,
2026-04-16 15:37:21,865 [INFO]       ADD COLUMN IF NOT EXISTS DII_Monthly_Net_Cr  DECIMAL(20,2) DEFAULT NULL,
2026-04-16 15:37:21,865 [INFO]       ADD COLUMN IF NOT EXISTS FII_Source_Flag     VARCHAR(10)   DEFAULT NULL;
2026-04-16 15:37:21,865 [INFO] 
2026-04-16 15:37:21,865 [INFO]   UPDATE macro_indicators m
2026-04-16 15:37:21,866 [INFO]   JOIN fii_dii_staging s ON m.Date = s.Date
2026-04-16 15:37:21,866 [INFO]   SET m.FII_Monthly_Net_Cr = s.FII_Monthly_Net_Cr,
2026-04-16 15:37:21,866 [INFO]       m.DII_Monthly_Net_Cr = s.DII_Monthly_Net_Cr,
2026-04-16 15:37:21,866 [INFO]       m.FII_Source_Flag    = s.FII_Source_Flag;
2026-04-16 15:37:21,868 [INFO] 
2026-04-16 15:37:21,868 [INFO]   SELECT COUNT(*) FROM macro_indicators WHERE FII_Monthly_Net_Cr IS NOT NULL;
2026-04-17 08:42:30,983 [INFO] Establishing browser session with StockEdge...
2026-04-17 08:42:31,171 [INFO]   Session ready. Status: 200
2026-04-17 08:42:32,173 [INFO] === MODE 1: MONTHLY ===
2026-04-17 08:42:35,333 [INFO]   FII monthly: 220 months | DII monthly: 220 months
2026-04-17 08:44:12,364 [INFO] Monthly — trading days written : 3975
2026-04-17 08:44:12,364 [WARNING] Monthly — months skipped (no OHLCV): 24 (pre-2010 expected)
2026-04-17 08:44:12,364 [INFO] === MODE 2: DAILY ===
2026-04-17 08:44:13,683 [INFO]   FII daily: 50 days | DII daily: 50 days
2026-04-17 08:44:13,790 [INFO] Daily  — trading days written : 50
2026-04-17 08:44:13,849 [INFO]   FII_Monthly_Net_Cr filled : 3975 rows (from 2010-01-04)
2026-04-17 08:44:13,849 [INFO]   DII_Monthly_Net_Cr filled : 3975 rows
2026-04-17 08:44:13,850 [INFO]   FII_Daily_Net_Cr   filled : 50 rows (latest: 2026-04-16)
2026-04-17 08:44:13,850 [INFO]   DII_Daily_Net_Cr   filled : 50 rows
2026-04-17 08:44:13,857 [INFO]   Spot Mar 2020 FII        : -65816.7000 (PASS)
2026-04-17 10:25:42,110 [INFO] Establishing browser session with StockEdge...
2026-04-17 10:25:42,491 [INFO]   Session ready. Status: 200
2026-04-17 10:25:43,507 [INFO] === MODE 1: MONTHLY ===
2026-04-17 10:25:47,845 [INFO]   FII monthly: 220 months | DII monthly: 220 months
2026-04-17 10:27:34,658 [INFO] Monthly — trading days written : 3975
2026-04-17 10:27:34,658 [WARNING] Monthly — months skipped (no OHLCV): 24 (pre-2010 expected)
2026-04-17 10:27:34,658 [INFO] === MODE 2: DAILY ===
2026-04-17 10:27:36,977 [INFO]   FII daily: 50 days | DII daily: 50 days
2026-04-17 10:27:37,056 [INFO] Daily  — trading days written : 50
2026-04-17 10:27:37,116 [INFO]   FII_Monthly_Net_Cr filled : 3975 rows (from 2010-01-04)
2026-04-17 10:27:37,116 [INFO]   DII_Monthly_Net_Cr filled : 3975 rows
2026-04-17 10:27:37,116 [INFO]   FII_Daily_Net_Cr   filled : 50 rows (latest: 2026-04-16)
2026-04-17 10:27:37,118 [INFO]   DII_Daily_Net_Cr   filled : 50 rows
2026-04-17 10:27:37,123 [INFO]   Spot Mar 2020 FII        : -65816.7000 (PASS)
2026-04-17 10:33:30,151 [INFO] Establishing browser session with StockEdge...
2026-04-17 10:33:31,624 [INFO]   Session ready. Status: 200
2026-04-17 10:33:32,625 [INFO] === MODE 1: MONTHLY ===
2026-04-17 10:33:39,275 [INFO]   FII monthly: 220 months | DII monthly: 220 months
2026-04-17 10:33:39,450 [INFO] Monthly — latest in DB: 2026-04. Skipping older months.
2026-04-17 10:33:40,026 [INFO] Monthly — trading days written : 7
2026-04-17 10:33:40,026 [INFO] Monthly — months skipped       : 219
2026-04-17 10:33:40,026 [INFO] === MODE 2: DAILY ===
2026-04-17 10:33:41,933 [INFO]   FII daily: 50 days | DII daily: 50 days
2026-04-17 10:33:41,939 [INFO] Daily  — latest in DB: 2026-04-16. Skipping older dates.
2026-04-17 10:33:41,973 [INFO] Daily  — trading days written : 0
2026-04-17 10:33:41,974 [INFO] Daily  — dates skipped        : 50
2026-04-17 10:33:42,137 [INFO]   FII_Monthly_Net_Cr filled : 3975 rows (from 2010-01-04)
2026-04-17 10:33:42,137 [INFO]   DII_Monthly_Net_Cr filled : 3975 rows
2026-04-17 10:33:42,137 [INFO]   FII_Daily_Net_Cr   filled : 50 rows (latest: 2026-04-16)
2026-04-17 10:33:42,137 [INFO]   DII_Daily_Net_Cr   filled : 50 rows
2026-04-17 10:33:42,147 [INFO]   Spot Mar 2020 FII        : -65816.7000 (PASS)
